<?xml version="1.0" encoding="UTF-8"?>
<!-- Generated by org.testng.reporters.JUnitReportReporter -->
<testsuite hostname="VTIPL-PUN-PC228-L" name="api.testngfiles.Runnerfile" tests="1" failures="0" timestamp="17 Apr 2021 11:14:41 GMT" time="0.017" errors="0">
  <testcase name="testng" time="0.017" classname="api.testngfiles.Runnerfile"/>
</testsuite> <!-- api.testngfiles.Runnerfile -->
