<?xml version="1.0" encoding="UTF-8"?>
<!-- Generated by org.testng.reporters.JUnitReportReporter -->
<testsuite hostname="VTIPL-PUN-PC228-L" name="api.testngfiles.APIRunnerfile" tests="5" failures="0" timestamp="19 Apr 2021 02:56:13 GMT" time="9.507" errors="0">
  <testcase name="CreateUserApiFunctionalTest" time="1.651" classname="api.testngfiles.APIRunnerfile"/>
  <testcase name="deleteUserApiFunctionalTest" time="1.557" classname="api.testngfiles.APIRunnerfile"/>
  <testcase name="RegisterEmailApiFunctionalTest" time="3.866" classname="api.testngfiles.APIRunnerfile"/>
  <testcase name="RegisterLoginApiFunctionalTest" time="1.371" classname="api.testngfiles.APIRunnerfile"/>
  <testcase name="GetUserListApiFunctionalTest" time="1.062" classname="api.testngfiles.APIRunnerfile"/>
</testsuite> <!-- api.testngfiles.APIRunnerfile -->
